<?xml version="1.0" encoding="UTF-8"?>
<testng-results ignored="0" total="1" passed="1" failed="0" skipped="0">
  <reporter-output>
  </reporter-output>
  <suite started-at="2023-01-04T10:44:40 IST" name="Default suite" finished-at="2023-01-04T10:44:40 IST" duration-ms="169">
    <groups>
    </groups>
    <test started-at="2023-01-04T10:44:40 IST" name="Default test" finished-at="2023-01-04T10:44:40 IST" duration-ms="169">
      <class name="test.testng">
        <test-method signature="get()[pri:0, instance:test.testng@3911c2a7]" started-at="2023-01-04T10:44:40 IST" name="get" finished-at="2023-01-04T10:44:40 IST" duration-ms="41" status="PASS">
          <reporter-output>
          </reporter-output>
        </test-method> <!-- get -->
      </class> <!-- test.testng -->
    </test> <!-- Default test -->
  </suite> <!-- Default suite -->
</testng-results>
